<?xml version="1.0" encoding="UTF-8"?>
<testsuite xmlns:xsi="http://www.w3.org/2001/XMLSchema-instance" xsi:noNamespaceSchemaLocation="https://maven.apache.org/surefire/maven-surefire-plugin/xsd/surefire-test-report.xsd" version="3.0.2" name="ch.fhnw.timerecordingbackend.controller.AdminControllerTest" time="1.155" tests="20" errors="0" skipped="0" failures="0">
  <properties>
    <property name="java.specification.version" value="17"/>
    <property name="sun.jnu.encoding" value="UTF-8"/>
    <property name="java.class.path" value="/Users/Furkan/IdeaProjects/time-recording-backend/target/test-classes:/Users/Furkan/IdeaProjects/time-recording-backend/target/classes:/Users/Furkan/.m2/repository/org/springframework/boot/spring-boot-starter-data-jpa/3.4.4/spring-boot-starter-data-jpa-3.4.4.jar:/Users/Furkan/.m2/repository/org/springframework/boot/spring-boot-starter/3.4.4/spring-boot-starter-3.4.4.jar:/Users/Furkan/.m2/repository/org/springframework/boot/spring-boot-starter-logging/3.4.4/spring-boot-starter-logging-3.4.4.jar:/Users/Furkan/.m2/repository/ch/qos/logback/logback-classic/1.5.18/logback-classic-1.5.18.jar:/Users/Furkan/.m2/repository/ch/qos/logback/logback-core/1.5.18/logback-core-1.5.18.jar:/Users/Furkan/.m2/repository/org/apache/logging/log4j/log4j-to-slf4j/2.24.3/log4j-to-slf4j-2.24.3.jar:/Users/Furkan/.m2/repository/org/apache/logging/log4j/log4j-api/2.24.3/log4j-api-2.24.3.jar:/Users/Furkan/.m2/repository/org/slf4j/jul-to-slf4j/2.0.17/jul-to-slf4j-2.0.17.jar:/Users/Furkan/.m2/repository/jakarta/annotation/jakarta.annotation-api/2.1.1/jakarta.annotation-api-2.1.1.jar:/Users/Furkan/.m2/repository/org/yaml/snakeyaml/2.3/snakeyaml-2.3.jar:/Users/Furkan/.m2/repository/org/springframework/boot/spring-boot-starter-jdbc/3.4.4/spring-boot-starter-jdbc-3.4.4.jar:/Users/Furkan/.m2/repository/com/zaxxer/HikariCP/5.1.0/HikariCP-5.1.0.jar:/Users/Furkan/.m2/repository/org/springframework/spring-jdbc/6.2.5/spring-jdbc-6.2.5.jar:/Users/Furkan/.m2/repository/org/hibernate/orm/hibernate-core/6.6.11.Final/hibernate-core-6.6.11.Final.jar:/Users/Furkan/.m2/repository/jakarta/persistence/jakarta.persistence-api/3.1.0/jakarta.persistence-api-3.1.0.jar:/Users/Furkan/.m2/repository/jakarta/transaction/jakarta.transaction-api/2.0.1/jakarta.transaction-api-2.0.1.jar:/Users/Furkan/.m2/repository/org/jboss/logging/jboss-logging/3.6.1.Final/jboss-logging-3.6.1.Final.jar:/Users/Furkan/.m2/repository/org/hibernate/common/hibernate-commons-annotations/7.0.3.Final/hibernate-commons-annotations-7.0.3.Final.jar:/Users/Furkan/.m2/repository/io/smallrye/jandex/3.2.0/jandex-3.2.0.jar:/Users/Furkan/.m2/repository/com/fasterxml/classmate/1.7.0/classmate-1.7.0.jar:/Users/Furkan/.m2/repository/net/bytebuddy/byte-buddy/1.15.11/byte-buddy-1.15.11.jar:/Users/Furkan/.m2/repository/org/glassfish/jaxb/jaxb-runtime/4.0.5/jaxb-runtime-4.0.5.jar:/Users/Furkan/.m2/repository/org/glassfish/jaxb/jaxb-core/4.0.5/jaxb-core-4.0.5.jar:/Users/Furkan/.m2/repository/org/eclipse/angus/angus-activation/2.0.2/angus-activation-2.0.2.jar:/Users/Furkan/.m2/repository/org/glassfish/jaxb/txw2/4.0.5/txw2-4.0.5.jar:/Users/Furkan/.m2/repository/com/sun/istack/istack-commons-runtime/4.1.2/istack-commons-runtime-4.1.2.jar:/Users/Furkan/.m2/repository/jakarta/inject/jakarta.inject-api/2.0.1/jakarta.inject-api-2.0.1.jar:/Users/Furkan/.m2/repository/org/antlr/antlr4-runtime/4.13.0/antlr4-runtime-4.13.0.jar:/Users/Furkan/.m2/repository/org/springframework/data/spring-data-jpa/3.4.4/spring-data-jpa-3.4.4.jar:/Users/Furkan/.m2/repository/org/springframework/data/spring-data-commons/3.4.4/spring-data-commons-3.4.4.jar:/Users/Furkan/.m2/repository/org/springframework/spring-orm/6.2.5/spring-orm-6.2.5.jar:/Users/Furkan/.m2/repository/org/springframework/spring-context/6.2.5/spring-context-6.2.5.jar:/Users/Furkan/.m2/repository/org/springframework/spring-tx/6.2.5/spring-tx-6.2.5.jar:/Users/Furkan/.m2/repository/org/springframework/spring-beans/6.2.5/spring-beans-6.2.5.jar:/Users/Furkan/.m2/repository/org/slf4j/slf4j-api/2.0.17/slf4j-api-2.0.17.jar:/Users/Furkan/.m2/repository/org/springframework/spring-aspects/6.2.5/spring-aspects-6.2.5.jar:/Users/Furkan/.m2/repository/org/aspectj/aspectjweaver/1.9.23/aspectjweaver-1.9.23.jar:/Users/Furkan/.m2/repository/com/h2database/h2/2.3.232/h2-2.3.232.jar:/Users/Furkan/.m2/repository/org/postgresql/postgresql/42.7.5/postgresql-42.7.5.jar:/Users/Furkan/.m2/repository/org/checkerframework/checker-qual/3.48.3/checker-qual-3.48.3.jar:/Users/Furkan/.m2/repository/org/springframework/boot/spring-boot-starter-security/3.4.4/spring-boot-starter-security-3.4.4.jar:/Users/Furkan/.m2/repository/org/springframework/spring-aop/6.2.5/spring-aop-6.2.5.jar:/Users/Furkan/.m2/repository/org/springframework/security/spring-security-config/6.4.4/spring-security-config-6.4.4.jar:/Users/Furkan/.m2/repository/org/springframework/security/spring-security-web/6.4.4/spring-security-web-6.4.4.jar:/Users/Furkan/.m2/repository/org/springframework/spring-expression/6.2.5/spring-expression-6.2.5.jar:/Users/Furkan/.m2/repository/org/springframework/boot/spring-boot-starter-validation/3.4.4/spring-boot-starter-validation-3.4.4.jar:/Users/Furkan/.m2/repository/org/apache/tomcat/embed/tomcat-embed-el/10.1.39/tomcat-embed-el-10.1.39.jar:/Users/Furkan/.m2/repository/org/hibernate/validator/hibernate-validator/8.0.2.Final/hibernate-validator-8.0.2.Final.jar:/Users/Furkan/.m2/repository/jakarta/validation/jakarta.validation-api/3.0.2/jakarta.validation-api-3.0.2.jar:/Users/Furkan/.m2/repository/org/springframework/boot/spring-boot-starter-web/3.4.4/spring-boot-starter-web-3.4.4.jar:/Users/Furkan/.m2/repository/org/springframework/boot/spring-boot-starter-json/3.4.4/spring-boot-starter-json-3.4.4.jar:/Users/Furkan/.m2/repository/com/fasterxml/jackson/datatype/jackson-datatype-jdk8/2.18.3/jackson-datatype-jdk8-2.18.3.jar:/Users/Furkan/.m2/repository/com/fasterxml/jackson/datatype/jackson-datatype-jsr310/2.18.3/jackson-datatype-jsr310-2.18.3.jar:/Users/Furkan/.m2/repository/com/fasterxml/jackson/module/jackson-module-parameter-names/2.18.3/jackson-module-parameter-names-2.18.3.jar:/Users/Furkan/.m2/repository/org/springframework/boot/spring-boot-starter-tomcat/3.4.4/spring-boot-starter-tomcat-3.4.4.jar:/Users/Furkan/.m2/repository/org/apache/tomcat/embed/tomcat-embed-core/10.1.39/tomcat-embed-core-10.1.39.jar:/Users/Furkan/.m2/repository/org/apache/tomcat/embed/tomcat-embed-websocket/10.1.39/tomcat-embed-websocket-10.1.39.jar:/Users/Furkan/.m2/repository/org/springframework/spring-web/6.2.5/spring-web-6.2.5.jar:/Users/Furkan/.m2/repository/io/micrometer/micrometer-observation/1.14.5/micrometer-observation-1.14.5.jar:/Users/Furkan/.m2/repository/io/micrometer/micrometer-commons/1.14.5/micrometer-commons-1.14.5.jar:/Users/Furkan/.m2/repository/org/springframework/spring-webmvc/6.2.5/spring-webmvc-6.2.5.jar:/Users/Furkan/.m2/repository/org/springframework/boot/spring-boot-devtools/3.4.4/spring-boot-devtools-3.4.4.jar:/Users/Furkan/.m2/repository/org/springframework/boot/spring-boot/3.4.4/spring-boot-3.4.4.jar:/Users/Furkan/.m2/repository/org/springframework/boot/spring-boot-autoconfigure/3.4.4/spring-boot-autoconfigure-3.4.4.jar:/Users/Furkan/.m2/repository/org/projectlombok/lombok/1.18.36/lombok-1.18.36.jar:/Users/Furkan/.m2/repository/org/springframework/boot/spring-boot-starter-test/3.4.4/spring-boot-starter-test-3.4.4.jar:/Users/Furkan/.m2/repository/org/springframework/boot/spring-boot-test/3.4.4/spring-boot-test-3.4.4.jar:/Users/Furkan/.m2/repository/org/springframework/boot/spring-boot-test-autoconfigure/3.4.4/spring-boot-test-autoconfigure-3.4.4.jar:/Users/Furkan/.m2/repository/com/jayway/jsonpath/json-path/2.9.0/json-path-2.9.0.jar:/Users/Furkan/.m2/repository/jakarta/xml/bind/jakarta.xml.bind-api/4.0.2/jakarta.xml.bind-api-4.0.2.jar:/Users/Furkan/.m2/repository/jakarta/activation/jakarta.activation-api/2.1.3/jakarta.activation-api-2.1.3.jar:/Users/Furkan/.m2/repository/net/minidev/json-smart/2.5.2/json-smart-2.5.2.jar:/Users/Furkan/.m2/repository/net/minidev/accessors-smart/2.5.2/accessors-smart-2.5.2.jar:/Users/Furkan/.m2/repository/org/ow2/asm/asm/9.7.1/asm-9.7.1.jar:/Users/Furkan/.m2/repository/org/assertj/assertj-core/3.26.3/assertj-core-3.26.3.jar:/Users/Furkan/.m2/repository/org/awaitility/awaitility/4.2.2/awaitility-4.2.2.jar:/Users/Furkan/.m2/repository/org/hamcrest/hamcrest/2.2/hamcrest-2.2.jar:/Users/Furkan/.m2/repository/org/junit/jupiter/junit-jupiter/5.11.4/junit-jupiter-5.11.4.jar:/Users/Furkan/.m2/repository/org/junit/jupiter/junit-jupiter-api/5.11.4/junit-jupiter-api-5.11.4.jar:/Users/Furkan/.m2/repository/org/opentest4j/opentest4j/1.3.0/opentest4j-1.3.0.jar:/Users/Furkan/.m2/repository/org/junit/platform/junit-platform-commons/1.11.4/junit-platform-commons-1.11.4.jar:/Users/Furkan/.m2/repository/org/apiguardian/apiguardian-api/1.1.2/apiguardian-api-1.1.2.jar:/Users/Furkan/.m2/repository/org/junit/jupiter/junit-jupiter-params/5.11.4/junit-jupiter-params-5.11.4.jar:/Users/Furkan/.m2/repository/org/junit/jupiter/junit-jupiter-engine/5.11.4/junit-jupiter-engine-5.11.4.jar:/Users/Furkan/.m2/repository/org/junit/platform/junit-platform-engine/1.11.4/junit-platform-engine-1.11.4.jar:/Users/Furkan/.m2/repository/org/mockito/mockito-core/5.14.2/mockito-core-5.14.2.jar:/Users/Furkan/.m2/repository/net/bytebuddy/byte-buddy-agent/1.15.11/byte-buddy-agent-1.15.11.jar:/Users/Furkan/.m2/repository/org/objenesis/objenesis/3.3/objenesis-3.3.jar:/Users/Furkan/.m2/repository/org/mockito/mockito-junit-jupiter/5.14.2/mockito-junit-jupiter-5.14.2.jar:/Users/Furkan/.m2/repository/org/skyscreamer/jsonassert/1.5.3/jsonassert-1.5.3.jar:/Users/Furkan/.m2/repository/com/vaadin/external/google/android-json/0.0.20131108.vaadin1/android-json-0.0.20131108.vaadin1.jar:/Users/Furkan/.m2/repository/org/springframework/spring-core/6.2.5/spring-core-6.2.5.jar:/Users/Furkan/.m2/repository/org/springframework/spring-jcl/6.2.5/spring-jcl-6.2.5.jar:/Users/Furkan/.m2/repository/org/springframework/spring-test/6.2.5/spring-test-6.2.5.jar:/Users/Furkan/.m2/repository/org/xmlunit/xmlunit-core/2.10.0/xmlunit-core-2.10.0.jar:/Users/Furkan/.m2/repository/org/springframework/security/spring-security-test/6.4.4/spring-security-test-6.4.4.jar:/Users/Furkan/.m2/repository/org/springframework/security/spring-security-core/6.4.4/spring-security-core-6.4.4.jar:/Users/Furkan/.m2/repository/org/springframework/security/spring-security-crypto/6.4.4/spring-security-crypto-6.4.4.jar:/Users/Furkan/.m2/repository/io/jsonwebtoken/jjwt-api/0.11.5/jjwt-api-0.11.5.jar:/Users/Furkan/.m2/repository/io/jsonwebtoken/jjwt-impl/0.11.5/jjwt-impl-0.11.5.jar:/Users/Furkan/.m2/repository/io/jsonwebtoken/jjwt-jackson/0.11.5/jjwt-jackson-0.11.5.jar:/Users/Furkan/.m2/repository/com/fasterxml/jackson/core/jackson-databind/2.18.3/jackson-databind-2.18.3.jar:/Users/Furkan/.m2/repository/com/fasterxml/jackson/core/jackson-annotations/2.18.3/jackson-annotations-2.18.3.jar:/Users/Furkan/.m2/repository/com/fasterxml/jackson/core/jackson-core/2.18.3/jackson-core-2.18.3.jar:"/>
    <property name="java.vm.vendor" value="Eclipse Adoptium"/>
    <property name="sun.arch.data.model" value="64"/>
    <property name="catalina.useNaming" value="false"/>
    <property name="java.vendor.url" value="https://adoptium.net/"/>
    <property name="user.timezone" value="Europe/Zurich"/>
    <property name="org.jboss.logging.provider" value="slf4j"/>
    <property name="os.name" value="Mac OS X"/>
    <property name="java.vm.specification.version" value="17"/>
    <property name="APPLICATION_NAME" value="time-recording-backend-test"/>
    <property name="sun.java.launcher" value="SUN_STANDARD"/>
    <property name="user.country" value="CH"/>
    <property name="sun.boot.library.path" value="/Users/Furkan/Library/Java/JavaVirtualMachines/temurin-17.0.15/Contents/Home/lib"/>
    <property name="sun.java.command" value="/Users/Furkan/IdeaProjects/time-recording-backend/target/surefire/surefirebooter-20250530222032354_3.jar /Users/Furkan/IdeaProjects/time-recording-backend/target/surefire 2025-05-30T22-20-32_239-jvmRun1 surefire-20250530222032354_1tmp surefire_0-20250530222032354_2tmp"/>
    <property name="http.nonProxyHosts" value="local|*.local|169.254/16|*.169.254/16"/>
    <property name="jdk.debug" value="release"/>
    <property name="surefire.test.class.path" value="/Users/Furkan/IdeaProjects/time-recording-backend/target/test-classes:/Users/Furkan/IdeaProjects/time-recording-backend/target/classes:/Users/Furkan/.m2/repository/org/springframework/boot/spring-boot-starter-data-jpa/3.4.4/spring-boot-starter-data-jpa-3.4.4.jar:/Users/Furkan/.m2/repository/org/springframework/boot/spring-boot-starter/3.4.4/spring-boot-starter-3.4.4.jar:/Users/Furkan/.m2/repository/org/springframework/boot/spring-boot-starter-logging/3.4.4/spring-boot-starter-logging-3.4.4.jar:/Users/Furkan/.m2/repository/ch/qos/logback/logback-classic/1.5.18/logback-classic-1.5.18.jar:/Users/Furkan/.m2/repository/ch/qos/logback/logback-core/1.5.18/logback-core-1.5.18.jar:/Users/Furkan/.m2/repository/org/apache/logging/log4j/log4j-to-slf4j/2.24.3/log4j-to-slf4j-2.24.3.jar:/Users/Furkan/.m2/repository/org/apache/logging/log4j/log4j-api/2.24.3/log4j-api-2.24.3.jar:/Users/Furkan/.m2/repository/org/slf4j/jul-to-slf4j/2.0.17/jul-to-slf4j-2.0.17.jar:/Users/Furkan/.m2/repository/jakarta/annotation/jakarta.annotation-api/2.1.1/jakarta.annotation-api-2.1.1.jar:/Users/Furkan/.m2/repository/org/yaml/snakeyaml/2.3/snakeyaml-2.3.jar:/Users/Furkan/.m2/repository/org/springframework/boot/spring-boot-starter-jdbc/3.4.4/spring-boot-starter-jdbc-3.4.4.jar:/Users/Furkan/.m2/repository/com/zaxxer/HikariCP/5.1.0/HikariCP-5.1.0.jar:/Users/Furkan/.m2/repository/org/springframework/spring-jdbc/6.2.5/spring-jdbc-6.2.5.jar:/Users/Furkan/.m2/repository/org/hibernate/orm/hibernate-core/6.6.11.Final/hibernate-core-6.6.11.Final.jar:/Users/Furkan/.m2/repository/jakarta/persistence/jakarta.persistence-api/3.1.0/jakarta.persistence-api-3.1.0.jar:/Users/Furkan/.m2/repository/jakarta/transaction/jakarta.transaction-api/2.0.1/jakarta.transaction-api-2.0.1.jar:/Users/Furkan/.m2/repository/org/jboss/logging/jboss-logging/3.6.1.Final/jboss-logging-3.6.1.Final.jar:/Users/Furkan/.m2/repository/org/hibernate/common/hibernate-commons-annotations/7.0.3.Final/hibernate-commons-annotations-7.0.3.Final.jar:/Users/Furkan/.m2/repository/io/smallrye/jandex/3.2.0/jandex-3.2.0.jar:/Users/Furkan/.m2/repository/com/fasterxml/classmate/1.7.0/classmate-1.7.0.jar:/Users/Furkan/.m2/repository/net/bytebuddy/byte-buddy/1.15.11/byte-buddy-1.15.11.jar:/Users/Furkan/.m2/repository/org/glassfish/jaxb/jaxb-runtime/4.0.5/jaxb-runtime-4.0.5.jar:/Users/Furkan/.m2/repository/org/glassfish/jaxb/jaxb-core/4.0.5/jaxb-core-4.0.5.jar:/Users/Furkan/.m2/repository/org/eclipse/angus/angus-activation/2.0.2/angus-activation-2.0.2.jar:/Users/Furkan/.m2/repository/org/glassfish/jaxb/txw2/4.0.5/txw2-4.0.5.jar:/Users/Furkan/.m2/repository/com/sun/istack/istack-commons-runtime/4.1.2/istack-commons-runtime-4.1.2.jar:/Users/Furkan/.m2/repository/jakarta/inject/jakarta.inject-api/2.0.1/jakarta.inject-api-2.0.1.jar:/Users/Furkan/.m2/repository/org/antlr/antlr4-runtime/4.13.0/antlr4-runtime-4.13.0.jar:/Users/Furkan/.m2/repository/org/springframework/data/spring-data-jpa/3.4.4/spring-data-jpa-3.4.4.jar:/Users/Furkan/.m2/repository/org/springframework/data/spring-data-commons/3.4.4/spring-data-commons-3.4.4.jar:/Users/Furkan/.m2/repository/org/springframework/spring-orm/6.2.5/spring-orm-6.2.5.jar:/Users/Furkan/.m2/repository/org/springframework/spring-context/6.2.5/spring-context-6.2.5.jar:/Users/Furkan/.m2/repository/org/springframework/spring-tx/6.2.5/spring-tx-6.2.5.jar:/Users/Furkan/.m2/repository/org/springframework/spring-beans/6.2.5/spring-beans-6.2.5.jar:/Users/Furkan/.m2/repository/org/slf4j/slf4j-api/2.0.17/slf4j-api-2.0.17.jar:/Users/Furkan/.m2/repository/org/springframework/spring-aspects/6.2.5/spring-aspects-6.2.5.jar:/Users/Furkan/.m2/repository/org/aspectj/aspectjweaver/1.9.23/aspectjweaver-1.9.23.jar:/Users/Furkan/.m2/repository/com/h2database/h2/2.3.232/h2-2.3.232.jar:/Users/Furkan/.m2/repository/org/postgresql/postgresql/42.7.5/postgresql-42.7.5.jar:/Users/Furkan/.m2/repository/org/checkerframework/checker-qual/3.48.3/checker-qual-3.48.3.jar:/Users/Furkan/.m2/repository/org/springframework/boot/spring-boot-starter-security/3.4.4/spring-boot-starter-security-3.4.4.jar:/Users/Furkan/.m2/repository/org/springframework/spring-aop/6.2.5/spring-aop-6.2.5.jar:/Users/Furkan/.m2/repository/org/springframework/security/spring-security-config/6.4.4/spring-security-config-6.4.4.jar:/Users/Furkan/.m2/repository/org/springframework/security/spring-security-web/6.4.4/spring-security-web-6.4.4.jar:/Users/Furkan/.m2/repository/org/springframework/spring-expression/6.2.5/spring-expression-6.2.5.jar:/Users/Furkan/.m2/repository/org/springframework/boot/spring-boot-starter-validation/3.4.4/spring-boot-starter-validation-3.4.4.jar:/Users/Furkan/.m2/repository/org/apache/tomcat/embed/tomcat-embed-el/10.1.39/tomcat-embed-el-10.1.39.jar:/Users/Furkan/.m2/repository/org/hibernate/validator/hibernate-validator/8.0.2.Final/hibernate-validator-8.0.2.Final.jar:/Users/Furkan/.m2/repository/jakarta/validation/jakarta.validation-api/3.0.2/jakarta.validation-api-3.0.2.jar:/Users/Furkan/.m2/repository/org/springframework/boot/spring-boot-starter-web/3.4.4/spring-boot-starter-web-3.4.4.jar:/Users/Furkan/.m2/repository/org/springframework/boot/spring-boot-starter-json/3.4.4/spring-boot-starter-json-3.4.4.jar:/Users/Furkan/.m2/repository/com/fasterxml/jackson/datatype/jackson-datatype-jdk8/2.18.3/jackson-datatype-jdk8-2.18.3.jar:/Users/Furkan/.m2/repository/com/fasterxml/jackson/datatype/jackson-datatype-jsr310/2.18.3/jackson-datatype-jsr310-2.18.3.jar:/Users/Furkan/.m2/repository/com/fasterxml/jackson/module/jackson-module-parameter-names/2.18.3/jackson-module-parameter-names-2.18.3.jar:/Users/Furkan/.m2/repository/org/springframework/boot/spring-boot-starter-tomcat/3.4.4/spring-boot-starter-tomcat-3.4.4.jar:/Users/Furkan/.m2/repository/org/apache/tomcat/embed/tomcat-embed-core/10.1.39/tomcat-embed-core-10.1.39.jar:/Users/Furkan/.m2/repository/org/apache/tomcat/embed/tomcat-embed-websocket/10.1.39/tomcat-embed-websocket-10.1.39.jar:/Users/Furkan/.m2/repository/org/springframework/spring-web/6.2.5/spring-web-6.2.5.jar:/Users/Furkan/.m2/repository/io/micrometer/micrometer-observation/1.14.5/micrometer-observation-1.14.5.jar:/Users/Furkan/.m2/repository/io/micrometer/micrometer-commons/1.14.5/micrometer-commons-1.14.5.jar:/Users/Furkan/.m2/repository/org/springframework/spring-webmvc/6.2.5/spring-webmvc-6.2.5.jar:/Users/Furkan/.m2/repository/org/springframework/boot/spring-boot-devtools/3.4.4/spring-boot-devtools-3.4.4.jar:/Users/Furkan/.m2/repository/org/springframework/boot/spring-boot/3.4.4/spring-boot-3.4.4.jar:/Users/Furkan/.m2/repository/org/springframework/boot/spring-boot-autoconfigure/3.4.4/spring-boot-autoconfigure-3.4.4.jar:/Users/Furkan/.m2/repository/org/projectlombok/lombok/1.18.36/lombok-1.18.36.jar:/Users/Furkan/.m2/repository/org/springframework/boot/spring-boot-starter-test/3.4.4/spring-boot-starter-test-3.4.4.jar:/Users/Furkan/.m2/repository/org/springframework/boot/spring-boot-test/3.4.4/spring-boot-test-3.4.4.jar:/Users/Furkan/.m2/repository/org/springframework/boot/spring-boot-test-autoconfigure/3.4.4/spring-boot-test-autoconfigure-3.4.4.jar:/Users/Furkan/.m2/repository/com/jayway/jsonpath/json-path/2.9.0/json-path-2.9.0.jar:/Users/Furkan/.m2/repository/jakarta/xml/bind/jakarta.xml.bind-api/4.0.2/jakarta.xml.bind-api-4.0.2.jar:/Users/Furkan/.m2/repository/jakarta/activation/jakarta.activation-api/2.1.3/jakarta.activation-api-2.1.3.jar:/Users/Furkan/.m2/repository/net/minidev/json-smart/2.5.2/json-smart-2.5.2.jar:/Users/Furkan/.m2/repository/net/minidev/accessors-smart/2.5.2/accessors-smart-2.5.2.jar:/Users/Furkan/.m2/repository/org/ow2/asm/asm/9.7.1/asm-9.7.1.jar:/Users/Furkan/.m2/repository/org/assertj/assertj-core/3.26.3/assertj-core-3.26.3.jar:/Users/Furkan/.m2/repository/org/awaitility/awaitility/4.2.2/awaitility-4.2.2.jar:/Users/Furkan/.m2/repository/org/hamcrest/hamcrest/2.2/hamcrest-2.2.jar:/Users/Furkan/.m2/repository/org/junit/jupiter/junit-jupiter/5.11.4/junit-jupiter-5.11.4.jar:/Users/Furkan/.m2/repository/org/junit/jupiter/junit-jupiter-api/5.11.4/junit-jupiter-api-5.11.4.jar:/Users/Furkan/.m2/repository/org/opentest4j/opentest4j/1.3.0/opentest4j-1.3.0.jar:/Users/Furkan/.m2/repository/org/junit/platform/junit-platform-commons/1.11.4/junit-platform-commons-1.11.4.jar:/Users/Furkan/.m2/repository/org/apiguardian/apiguardian-api/1.1.2/apiguardian-api-1.1.2.jar:/Users/Furkan/.m2/repository/org/junit/jupiter/junit-jupiter-params/5.11.4/junit-jupiter-params-5.11.4.jar:/Users/Furkan/.m2/repository/org/junit/jupiter/junit-jupiter-engine/5.11.4/junit-jupiter-engine-5.11.4.jar:/Users/Furkan/.m2/repository/org/junit/platform/junit-platform-engine/1.11.4/junit-platform-engine-1.11.4.jar:/Users/Furkan/.m2/repository/org/mockito/mockito-core/5.14.2/mockito-core-5.14.2.jar:/Users/Furkan/.m2/repository/net/bytebuddy/byte-buddy-agent/1.15.11/byte-buddy-agent-1.15.11.jar:/Users/Furkan/.m2/repository/org/objenesis/objenesis/3.3/objenesis-3.3.jar:/Users/Furkan/.m2/repository/org/mockito/mockito-junit-jupiter/5.14.2/mockito-junit-jupiter-5.14.2.jar:/Users/Furkan/.m2/repository/org/skyscreamer/jsonassert/1.5.3/jsonassert-1.5.3.jar:/Users/Furkan/.m2/repository/com/vaadin/external/google/android-json/0.0.20131108.vaadin1/android-json-0.0.20131108.vaadin1.jar:/Users/Furkan/.m2/repository/org/springframework/spring-core/6.2.5/spring-core-6.2.5.jar:/Users/Furkan/.m2/repository/org/springframework/spring-jcl/6.2.5/spring-jcl-6.2.5.jar:/Users/Furkan/.m2/repository/org/springframework/spring-test/6.2.5/spring-test-6.2.5.jar:/Users/Furkan/.m2/repository/org/xmlunit/xmlunit-core/2.10.0/xmlunit-core-2.10.0.jar:/Users/Furkan/.m2/repository/org/springframework/security/spring-security-test/6.4.4/spring-security-test-6.4.4.jar:/Users/Furkan/.m2/repository/org/springframework/security/spring-security-core/6.4.4/spring-security-core-6.4.4.jar:/Users/Furkan/.m2/repository/org/springframework/security/spring-security-crypto/6.4.4/spring-security-crypto-6.4.4.jar:/Users/Furkan/.m2/repository/io/jsonwebtoken/jjwt-api/0.11.5/jjwt-api-0.11.5.jar:/Users/Furkan/.m2/repository/io/jsonwebtoken/jjwt-impl/0.11.5/jjwt-impl-0.11.5.jar:/Users/Furkan/.m2/repository/io/jsonwebtoken/jjwt-jackson/0.11.5/jjwt-jackson-0.11.5.jar:/Users/Furkan/.m2/repository/com/fasterxml/jackson/core/jackson-databind/2.18.3/jackson-databind-2.18.3.jar:/Users/Furkan/.m2/repository/com/fasterxml/jackson/core/jackson-annotations/2.18.3/jackson-annotations-2.18.3.jar:/Users/Furkan/.m2/repository/com/fasterxml/jackson/core/jackson-core/2.18.3/jackson-core-2.18.3.jar:"/>
    <property name="sun.cpu.endian" value="little"/>
    <property name="user.home" value="/Users/Furkan"/>
    <property name="user.language" value="de"/>
    <property name="java.specification.vendor" value="Oracle Corporation"/>
    <property name="java.version.date" value="2025-04-15"/>
    <property name="java.home" value="/Users/Furkan/Library/Java/JavaVirtualMachines/temurin-17.0.15/Contents/Home"/>
    <property name="file.separator" value="/"/>
    <property name="basedir" value="/Users/Furkan/IdeaProjects/time-recording-backend"/>
    <property name="java.vm.compressedOopsMode" value="Zero based"/>
    <property name="line.separator" value="&#10;"/>
    <property name="java.vm.specification.vendor" value="Oracle Corporation"/>
    <property name="java.specification.name" value="Java Platform API Specification"/>
    <property name="FILE_LOG_CHARSET" value="UTF-8"/>
    <property name="java.awt.headless" value="true"/>
    <property name="surefire.real.class.path" value="/Users/Furkan/IdeaProjects/time-recording-backend/target/surefire/surefirebooter-20250530222032354_3.jar"/>
    <property name="sun.management.compiler" value="HotSpot 64-Bit Tiered Compilers"/>
    <property name="ftp.nonProxyHosts" value="local|*.local|169.254/16|*.169.254/16"/>
    <property name="java.runtime.version" value="17.0.15+6"/>
    <property name="user.name" value="Furkan"/>
    <property name="path.separator" value=":"/>
    <property name="os.version" value="15.5"/>
    <property name="java.runtime.name" value="OpenJDK Runtime Environment"/>
    <property name="file.encoding" value="UTF-8"/>
    <property name="java.vm.name" value="OpenJDK 64-Bit Server VM"/>
    <property name="java.vendor.version" value="Temurin-17.0.15+6"/>
    <property name="localRepository" value="/Users/Furkan/.m2/repository"/>
    <property name="java.vendor.url.bug" value="https://github.com/adoptium/adoptium-support/issues"/>
    <property name="java.io.tmpdir" value="/var/folders/8p/yrcdsztj5czgfy0cl92cl2g80000gn/T/"/>
    <property name="idea.version" value="2025.1.1.1"/>
    <property name="catalina.home" value="/private/var/folders/8p/yrcdsztj5czgfy0cl92cl2g80000gn/T/tomcat.0.16028839134970772216"/>
    <property name="com.zaxxer.hikari.pool_number" value="1"/>
    <property name="java.version" value="17.0.15"/>
    <property name="user.dir" value="/Users/Furkan/IdeaProjects/time-recording-backend"/>
    <property name="os.arch" value="x86_64"/>
    <property name="java.vm.specification.name" value="Java Virtual Machine Specification"/>
    <property name="PID" value="19800"/>
    <property name="CONSOLE_LOG_CHARSET" value="UTF-8"/>
    <property name="catalina.base" value="/private/var/folders/8p/yrcdsztj5czgfy0cl92cl2g80000gn/T/tomcat.0.16028839134970772216"/>
    <property name="native.encoding" value="UTF-8"/>
    <property name="java.library.path" value="/Users/Furkan/Library/Java/Extensions:/Library/Java/Extensions:/Network/Library/Java/Extensions:/System/Library/Java/Extensions:/usr/lib/java:."/>
    <property name="java.vm.info" value="mixed mode"/>
    <property name="java.vendor" value="Eclipse Adoptium"/>
    <property name="java.vm.version" value="17.0.15+6"/>
    <property name="java.specification.maintenance.version" value="1"/>
    <property name="sun.io.unicode.encoding" value="UnicodeBig"/>
    <property name="socksNonProxyHosts" value="local|*.local|169.254/16|*.169.254/16"/>
    <property name="java.class.version" value="61.0"/>
    <property name="LOGGED_APPLICATION_NAME" value="[time-recording-backend-test] "/>
  </properties>
  <testcase name="createUser_whenEmailExists_shouldReturnBadRequest" classname="ch.fhnw.timerecordingbackend.controller.AdminControllerTest" time="0.056">
    <system-out><![CDATA[2025-05-30T22:20:53.238+02:00  INFO 19800 --- [time-recording-backend-test] [           main] t.c.s.AnnotationConfigContextLoaderUtils : Could not detect default configuration classes for test class [ch.fhnw.timerecordingbackend.controller.AdminControllerTest]: AdminControllerTest does not declare any static, non-private, non-final, nested classes annotated with @Configuration.
2025-05-30T22:20:53.246+02:00  INFO 19800 --- [time-recording-backend-test] [           main] .b.t.c.SpringBootTestContextBootstrapper : Found @SpringBootConfiguration ch.fhnw.timerecordingbackend.TimeRecordingBackendApplication for test class ch.fhnw.timerecordingbackend.controller.AdminControllerTest
2025-05-30T22:20:53.249+02:00  INFO 19800 --- [time-recording-backend-test] [           main] o.s.b.d.r.RestartApplicationListener     : Restart disabled due to context in which it is running

  .   ____          _            __ _ _
 /\\ / ___'_ __ _ _(_)_ __  __ _ \ \ \ \
( ( )\___ | '_ | '_| | '_ \/ _` | \ \ \ \
 \\/  ___)| |_)| | | | | || (_| |  ) ) ) )
  '  |____| .__|_| |_|_| |_\__, | / / / /
 =========|_|==============|___/=/_/_/_/

 :: Spring Boot ::                (v3.4.4)

2025-05-30T22:20:53.270+02:00  INFO 19800 --- [time-recording-backend-test] [           main] c.f.t.controller.AdminControllerTest     : Starting AdminControllerTest using Java 17.0.15 with PID 19800 (started by Furkan in /Users/Furkan/IdeaProjects/time-recording-backend)
2025-05-30T22:20:53.271+02:00  INFO 19800 --- [time-recording-backend-test] [           main] c.f.t.controller.AdminControllerTest     : The following 1 profile is active: "test"
2025-05-30T22:20:53.708+02:00  INFO 19800 --- [time-recording-backend-test] [           main] r$InitializeUserDetailsManagerConfigurer : Global AuthenticationManager configured with UserDetailsService bean with name ch.fhnw.timerecordingbackend.security.UserDetailsServiceImpl
2025-05-30T22:20:53.727+02:00  INFO 19800 --- [time-recording-backend-test] [           main] o.s.b.a.w.s.WelcomePageHandlerMapping    : Adding welcome page: class path resource [static/index.html]
2025-05-30T22:20:53.897+02:00 DEBUG 19800 --- [time-recording-backend-test] [           main] o.s.s.web.DefaultSecurityFilterChain     : Will secure any request with filters: DisableEncodeUrlFilter, WebAsyncManagerIntegrationFilter, SecurityContextHolderFilter, HeaderWriterFilter, LogoutFilter, JwtAuthenticationFilter, RequestCacheAwareFilter, SecurityContextHolderAwareRequestFilter, AnonymousAuthenticationFilter, SessionManagementFilter, ExceptionTranslationFilter, AuthorizationFilter
2025-05-30T22:20:54.012+02:00  INFO 19800 --- [time-recording-backend-test] [           main] o.s.b.t.m.w.SpringBootMockServletContext : Initializing Spring TestDispatcherServlet ''
2025-05-30T22:20:54.013+02:00  INFO 19800 --- [time-recording-backend-test] [           main] o.s.t.web.servlet.TestDispatcherServlet  : Initializing Servlet ''
2025-05-30T22:20:54.013+02:00  INFO 19800 --- [time-recording-backend-test] [           main] o.s.t.web.servlet.TestDispatcherServlet  : Completed initialization in 0 ms
2025-05-30T22:20:54.033+02:00  INFO 19800 --- [time-recording-backend-test] [           main] c.f.t.controller.AdminControllerTest     : Started AdminControllerTest in 0.784 seconds (process running for 21.565)
2025-05-30T22:20:54.058+02:00 DEBUG 19800 --- [time-recording-backend-test] [           main] o.s.security.web.FilterChainProxy        : Securing POST /api/admin/users
2025-05-30T22:20:54.059+02:00 DEBUG 19800 --- [time-recording-backend-test] [           main] o.s.security.web.FilterChainProxy        : Secured POST /api/admin/users
2025-05-30T22:20:54.084+02:00 DEBUG 19800 --- [time-recording-backend-test] [           main] horizationManagerBeforeMethodInterceptor : Authorizing method invocation ReflectiveMethodInvocation: public org.springframework.http.ResponseEntity ch.fhnw.timerecordingbackend.controller.AdminController.createUser(ch.fhnw.timerecordingbackend.dto.admin.UserRegistrationRequest); target is of class [ch.fhnw.timerecordingbackend.controller.AdminController]
2025-05-30T22:20:54.086+02:00 DEBUG 19800 --- [time-recording-backend-test] [           main] horizationManagerBeforeMethodInterceptor : Authorized method invocation ReflectiveMethodInvocation: public org.springframework.http.ResponseEntity ch.fhnw.timerecordingbackend.controller.AdminController.createUser(ch.fhnw.timerecordingbackend.dto.admin.UserRegistrationRequest); target is of class [ch.fhnw.timerecordingbackend.controller.AdminController]
]]></system-out>
  </testcase>
  <testcase name="rejectRegistrationRequest_whenServiceThrowsValidationException_shouldReturnBadRequest" classname="ch.fhnw.timerecordingbackend.controller.AdminControllerTest" time="0.014">
    <system-out><![CDATA[2025-05-30T22:20:54.104+02:00 DEBUG 19800 --- [time-recording-backend-test] [           main] o.s.security.web.FilterChainProxy        : Securing PATCH /api/admin/registration-requests/2/reject
2025-05-30T22:20:54.105+02:00 DEBUG 19800 --- [time-recording-backend-test] [           main] o.s.security.web.FilterChainProxy        : Secured PATCH /api/admin/registration-requests/2/reject
2025-05-30T22:20:54.107+02:00 DEBUG 19800 --- [time-recording-backend-test] [           main] horizationManagerBeforeMethodInterceptor : Authorizing method invocation ReflectiveMethodInvocation: public org.springframework.http.ResponseEntity ch.fhnw.timerecordingbackend.controller.AdminController.rejectRegistrationRequest(java.lang.Long); target is of class [ch.fhnw.timerecordingbackend.controller.AdminController]
2025-05-30T22:20:54.107+02:00 DEBUG 19800 --- [time-recording-backend-test] [           main] horizationManagerBeforeMethodInterceptor : Authorized method invocation ReflectiveMethodInvocation: public org.springframework.http.ResponseEntity ch.fhnw.timerecordingbackend.controller.AdminController.rejectRegistrationRequest(java.lang.Long); target is of class [ch.fhnw.timerecordingbackend.controller.AdminController]
]]></system-out>
  </testcase>
  <testcase name="getPendingRegistrationRequests_whenAdmin_shouldReturnPendingRequests" classname="ch.fhnw.timerecordingbackend.controller.AdminControllerTest" time="0.021">
    <system-out><![CDATA[2025-05-30T22:20:54.120+02:00 DEBUG 19800 --- [time-recording-backend-test] [           main] o.s.security.web.FilterChainProxy        : Securing GET /api/admin/registration-requests/pending
2025-05-30T22:20:54.121+02:00 DEBUG 19800 --- [time-recording-backend-test] [           main] o.s.security.web.FilterChainProxy        : Secured GET /api/admin/registration-requests/pending
2025-05-30T22:20:54.121+02:00 DEBUG 19800 --- [time-recording-backend-test] [           main] horizationManagerBeforeMethodInterceptor : Authorizing method invocation ReflectiveMethodInvocation: public org.springframework.http.ResponseEntity ch.fhnw.timerecordingbackend.controller.AdminController.getPendingRegistrationRequests(); target is of class [ch.fhnw.timerecordingbackend.controller.AdminController]
2025-05-30T22:20:54.122+02:00 DEBUG 19800 --- [time-recording-backend-test] [           main] horizationManagerBeforeMethodInterceptor : Authorized method invocation ReflectiveMethodInvocation: public org.springframework.http.ResponseEntity ch.fhnw.timerecordingbackend.controller.AdminController.getPendingRegistrationRequests(); target is of class [ch.fhnw.timerecordingbackend.controller.AdminController]
]]></system-out>
  </testcase>
  <testcase name="getUserById_whenUserExists_shouldReturnUser" classname="ch.fhnw.timerecordingbackend.controller.AdminControllerTest" time="0.024">
    <system-out><![CDATA[2025-05-30T22:20:54.141+02:00 DEBUG 19800 --- [time-recording-backend-test] [           main] o.s.security.web.FilterChainProxy        : Securing GET /api/admin/users/1
2025-05-30T22:20:54.142+02:00 DEBUG 19800 --- [time-recording-backend-test] [           main] o.s.security.web.FilterChainProxy        : Secured GET /api/admin/users/1
2025-05-30T22:20:54.143+02:00 DEBUG 19800 --- [time-recording-backend-test] [           main] horizationManagerBeforeMethodInterceptor : Authorizing method invocation ReflectiveMethodInvocation: public org.springframework.http.ResponseEntity ch.fhnw.timerecordingbackend.controller.AdminController.getUserById(java.lang.Long); target is of class [ch.fhnw.timerecordingbackend.controller.AdminController]
2025-05-30T22:20:54.144+02:00 DEBUG 19800 --- [time-recording-backend-test] [           main] horizationManagerBeforeMethodInterceptor : Authorized method invocation ReflectiveMethodInvocation: public org.springframework.http.ResponseEntity ch.fhnw.timerecordingbackend.controller.AdminController.getUserById(java.lang.Long); target is of class [ch.fhnw.timerecordingbackend.controller.AdminController]
]]></system-out>
  </testcase>
  <testcase name="createUser_whenAdminAndValidRequestAndNoPassword_shouldUseLastNameAsTemporaryPassword" classname="ch.fhnw.timerecordingbackend.controller.AdminControllerTest" time="0.017">
    <system-out><![CDATA[2025-05-30T22:20:54.167+02:00 DEBUG 19800 --- [time-recording-backend-test] [           main] o.s.security.web.FilterChainProxy        : Securing POST /api/admin/users
2025-05-30T22:20:54.167+02:00 DEBUG 19800 --- [time-recording-backend-test] [           main] o.s.security.web.FilterChainProxy        : Secured POST /api/admin/users
2025-05-30T22:20:54.170+02:00 DEBUG 19800 --- [time-recording-backend-test] [           main] horizationManagerBeforeMethodInterceptor : Authorizing method invocation ReflectiveMethodInvocation: public org.springframework.http.ResponseEntity ch.fhnw.timerecordingbackend.controller.AdminController.createUser(ch.fhnw.timerecordingbackend.dto.admin.UserRegistrationRequest); target is of class [ch.fhnw.timerecordingbackend.controller.AdminController]
2025-05-30T22:20:54.171+02:00 DEBUG 19800 --- [time-recording-backend-test] [           main] horizationManagerBeforeMethodInterceptor : Authorized method invocation ReflectiveMethodInvocation: public org.springframework.http.ResponseEntity ch.fhnw.timerecordingbackend.controller.AdminController.createUser(ch.fhnw.timerecordingbackend.dto.admin.UserRegistrationRequest); target is of class [ch.fhnw.timerecordingbackend.controller.AdminController]
]]></system-out>
  </testcase>
  <testcase name="removeRoleFromUser_whenAdmin_shouldRemoveRole" classname="ch.fhnw.timerecordingbackend.controller.AdminControllerTest" time="0.014">
    <system-out><![CDATA[2025-05-30T22:20:54.186+02:00 DEBUG 19800 --- [time-recording-backend-test] [           main] o.s.security.web.FilterChainProxy        : Securing DELETE /api/admin/users/1/roles
2025-05-30T22:20:54.187+02:00 DEBUG 19800 --- [time-recording-backend-test] [           main] o.s.security.web.FilterChainProxy        : Secured DELETE /api/admin/users/1/roles
2025-05-30T22:20:54.189+02:00 DEBUG 19800 --- [time-recording-backend-test] [           main] horizationManagerBeforeMethodInterceptor : Authorizing method invocation ReflectiveMethodInvocation: public org.springframework.http.ResponseEntity ch.fhnw.timerecordingbackend.controller.AdminController.removeRoleFromUser(java.lang.Long,java.lang.String); target is of class [ch.fhnw.timerecordingbackend.controller.AdminController]
2025-05-30T22:20:54.190+02:00 DEBUG 19800 --- [time-recording-backend-test] [           main] horizationManagerBeforeMethodInterceptor : Authorized method invocation ReflectiveMethodInvocation: public org.springframework.http.ResponseEntity ch.fhnw.timerecordingbackend.controller.AdminController.removeRoleFromUser(java.lang.Long,java.lang.String); target is of class [ch.fhnw.timerecordingbackend.controller.AdminController]
]]></system-out>
  </testcase>
  <testcase name="searchUsers_whenAdmin_shouldReturnMatchingUsers" classname="ch.fhnw.timerecordingbackend.controller.AdminControllerTest" time="0.009">
    <system-out><![CDATA[2025-05-30T22:20:54.198+02:00 DEBUG 19800 --- [time-recording-backend-test] [           main] o.s.security.web.FilterChainProxy        : Securing GET /api/admin/users/search
2025-05-30T22:20:54.198+02:00 DEBUG 19800 --- [time-recording-backend-test] [           main] o.s.security.web.FilterChainProxy        : Secured GET /api/admin/users/search
2025-05-30T22:20:54.199+02:00 DEBUG 19800 --- [time-recording-backend-test] [           main] horizationManagerBeforeMethodInterceptor : Authorizing method invocation ReflectiveMethodInvocation: public org.springframework.http.ResponseEntity ch.fhnw.timerecordingbackend.controller.AdminController.searchUsers(java.lang.String); target is of class [ch.fhnw.timerecordingbackend.controller.AdminController]
2025-05-30T22:20:54.199+02:00 DEBUG 19800 --- [time-recording-backend-test] [           main] horizationManagerBeforeMethodInterceptor : Authorized method invocation ReflectiveMethodInvocation: public org.springframework.http.ResponseEntity ch.fhnw.timerecordingbackend.controller.AdminController.searchUsers(java.lang.String); target is of class [ch.fhnw.timerecordingbackend.controller.AdminController]
]]></system-out>
  </testcase>
  <testcase name="resetUserPassword_whenAdmin_shouldReturnTemporaryPassword" classname="ch.fhnw.timerecordingbackend.controller.AdminControllerTest" time="0.01">
    <system-out><![CDATA[2025-05-30T22:20:54.209+02:00 DEBUG 19800 --- [time-recording-backend-test] [           main] o.s.security.web.FilterChainProxy        : Securing POST /api/admin/users/2/reset-password
2025-05-30T22:20:54.209+02:00 DEBUG 19800 --- [time-recording-backend-test] [           main] o.s.security.web.FilterChainProxy        : Secured POST /api/admin/users/2/reset-password
2025-05-30T22:20:54.211+02:00 DEBUG 19800 --- [time-recording-backend-test] [           main] horizationManagerBeforeMethodInterceptor : Authorizing method invocation ReflectiveMethodInvocation: public org.springframework.http.ResponseEntity ch.fhnw.timerecordingbackend.controller.AdminController.resetUserPassword(java.lang.Long); target is of class [ch.fhnw.timerecordingbackend.controller.AdminController]
2025-05-30T22:20:54.212+02:00 DEBUG 19800 --- [time-recording-backend-test] [           main] horizationManagerBeforeMethodInterceptor : Authorized method invocation ReflectiveMethodInvocation: public org.springframework.http.ResponseEntity ch.fhnw.timerecordingbackend.controller.AdminController.resetUserPassword(java.lang.Long); target is of class [ch.fhnw.timerecordingbackend.controller.AdminController]
]]></system-out>
  </testcase>
  <testcase name="activateUser_whenAdmin_shouldActivateUser" classname="ch.fhnw.timerecordingbackend.controller.AdminControllerTest" time="0.009">
    <system-out><![CDATA[2025-05-30T22:20:54.219+02:00 DEBUG 19800 --- [time-recording-backend-test] [           main] o.s.security.web.FilterChainProxy        : Securing PATCH /api/admin/users/2/activate
2025-05-30T22:20:54.220+02:00 DEBUG 19800 --- [time-recording-backend-test] [           main] o.s.security.web.FilterChainProxy        : Secured PATCH /api/admin/users/2/activate
2025-05-30T22:20:54.222+02:00 DEBUG 19800 --- [time-recording-backend-test] [           main] horizationManagerBeforeMethodInterceptor : Authorizing method invocation ReflectiveMethodInvocation: public org.springframework.http.ResponseEntity ch.fhnw.timerecordingbackend.controller.AdminController.activateUser(java.lang.Long); target is of class [ch.fhnw.timerecordingbackend.controller.AdminController]
2025-05-30T22:20:54.222+02:00 DEBUG 19800 --- [time-recording-backend-test] [           main] horizationManagerBeforeMethodInterceptor : Authorized method invocation ReflectiveMethodInvocation: public org.springframework.http.ResponseEntity ch.fhnw.timerecordingbackend.controller.AdminController.activateUser(java.lang.Long); target is of class [ch.fhnw.timerecordingbackend.controller.AdminController]
]]></system-out>
  </testcase>
  <testcase name="getAllRoles_whenAdmin_shouldReturnRolesList" classname="ch.fhnw.timerecordingbackend.controller.AdminControllerTest" time="0.02">
    <system-out><![CDATA[2025-05-30T22:20:54.230+02:00 DEBUG 19800 --- [time-recording-backend-test] [           main] o.s.security.web.FilterChainProxy        : Securing GET /api/admin/roles
2025-05-30T22:20:54.230+02:00 DEBUG 19800 --- [time-recording-backend-test] [           main] o.s.security.web.FilterChainProxy        : Secured GET /api/admin/roles
2025-05-30T22:20:54.231+02:00 DEBUG 19800 --- [time-recording-backend-test] [           main] horizationManagerBeforeMethodInterceptor : Authorizing method invocation ReflectiveMethodInvocation: public org.springframework.http.ResponseEntity ch.fhnw.timerecordingbackend.controller.AdminController.getAllRoles(); target is of class [ch.fhnw.timerecordingbackend.controller.AdminController]
2025-05-30T22:20:54.231+02:00 DEBUG 19800 --- [time-recording-backend-test] [           main] horizationManagerBeforeMethodInterceptor : Authorized method invocation ReflectiveMethodInvocation: public org.springframework.http.ResponseEntity ch.fhnw.timerecordingbackend.controller.AdminController.getAllRoles(); target is of class [ch.fhnw.timerecordingbackend.controller.AdminController]
]]></system-out>
  </testcase>
  <testcase name="rejectRegistrationRequest_whenAdmin_shouldReject" classname="ch.fhnw.timerecordingbackend.controller.AdminControllerTest" time="0.008">
    <system-out><![CDATA[2025-05-30T22:20:54.251+02:00 DEBUG 19800 --- [time-recording-backend-test] [           main] o.s.security.web.FilterChainProxy        : Securing PATCH /api/admin/registration-requests/1/reject
2025-05-30T22:20:54.252+02:00 DEBUG 19800 --- [time-recording-backend-test] [           main] o.s.security.web.FilterChainProxy        : Secured PATCH /api/admin/registration-requests/1/reject
2025-05-30T22:20:54.252+02:00 DEBUG 19800 --- [time-recording-backend-test] [           main] horizationManagerBeforeMethodInterceptor : Authorizing method invocation ReflectiveMethodInvocation: public org.springframework.http.ResponseEntity ch.fhnw.timerecordingbackend.controller.AdminController.rejectRegistrationRequest(java.lang.Long); target is of class [ch.fhnw.timerecordingbackend.controller.AdminController]
2025-05-30T22:20:54.253+02:00 DEBUG 19800 --- [time-recording-backend-test] [           main] horizationManagerBeforeMethodInterceptor : Authorized method invocation ReflectiveMethodInvocation: public org.springframework.http.ResponseEntity ch.fhnw.timerecordingbackend.controller.AdminController.rejectRegistrationRequest(java.lang.Long); target is of class [ch.fhnw.timerecordingbackend.controller.AdminController]
]]></system-out>
  </testcase>
  <testcase name="changeUserStatus_whenAdmin_shouldChangeStatus" classname="ch.fhnw.timerecordingbackend.controller.AdminControllerTest" time="0.01">
    <system-out><![CDATA[2025-05-30T22:20:54.259+02:00 DEBUG 19800 --- [time-recording-backend-test] [           main] o.s.security.web.FilterChainProxy        : Securing PATCH /api/admin/users/1/status
2025-05-30T22:20:54.259+02:00 DEBUG 19800 --- [time-recording-backend-test] [           main] o.s.security.web.FilterChainProxy        : Secured PATCH /api/admin/users/1/status
2025-05-30T22:20:54.260+02:00 DEBUG 19800 --- [time-recording-backend-test] [           main] horizationManagerBeforeMethodInterceptor : Authorizing method invocation ReflectiveMethodInvocation: public org.springframework.http.ResponseEntity ch.fhnw.timerecordingbackend.controller.AdminController.changeUserStatus(java.lang.Long,ch.fhnw.timerecordingbackend.model.enums.UserStatus); target is of class [ch.fhnw.timerecordingbackend.controller.AdminController]
2025-05-30T22:20:54.261+02:00 DEBUG 19800 --- [time-recording-backend-test] [           main] horizationManagerBeforeMethodInterceptor : Authorized method invocation ReflectiveMethodInvocation: public org.springframework.http.ResponseEntity ch.fhnw.timerecordingbackend.controller.AdminController.changeUserStatus(java.lang.Long,ch.fhnw.timerecordingbackend.model.enums.UserStatus); target is of class [ch.fhnw.timerecordingbackend.controller.AdminController]
]]></system-out>
  </testcase>
  <testcase name="approveRegistrationRequest_whenAdmin_shouldApprove" classname="ch.fhnw.timerecordingbackend.controller.AdminControllerTest" time="0.01">
    <system-out><![CDATA[2025-05-30T22:20:54.271+02:00 DEBUG 19800 --- [time-recording-backend-test] [           main] o.s.security.web.FilterChainProxy        : Securing PATCH /api/admin/registration-requests/1/approve
2025-05-30T22:20:54.272+02:00 DEBUG 19800 --- [time-recording-backend-test] [           main] o.s.security.web.FilterChainProxy        : Secured PATCH /api/admin/registration-requests/1/approve
2025-05-30T22:20:54.272+02:00 DEBUG 19800 --- [time-recording-backend-test] [           main] horizationManagerBeforeMethodInterceptor : Authorizing method invocation ReflectiveMethodInvocation: public org.springframework.http.ResponseEntity ch.fhnw.timerecordingbackend.controller.AdminController.approveRegistrationRequest(java.lang.Long); target is of class [ch.fhnw.timerecordingbackend.controller.AdminController]
2025-05-30T22:20:54.274+02:00 DEBUG 19800 --- [time-recording-backend-test] [           main] horizationManagerBeforeMethodInterceptor : Authorized method invocation ReflectiveMethodInvocation: public org.springframework.http.ResponseEntity ch.fhnw.timerecordingbackend.controller.AdminController.approveRegistrationRequest(java.lang.Long); target is of class [ch.fhnw.timerecordingbackend.controller.AdminController]
]]></system-out>
  </testcase>
  <testcase name="getSystemLogs_whenAdmin_shouldReturnLogs" classname="ch.fhnw.timerecordingbackend.controller.AdminControllerTest" time="0.02">
    <system-out><![CDATA[2025-05-30T22:20:54.282+02:00 DEBUG 19800 --- [time-recording-backend-test] [           main] o.s.security.web.FilterChainProxy        : Securing GET /api/admin/logs
2025-05-30T22:20:54.283+02:00 DEBUG 19800 --- [time-recording-backend-test] [           main] o.s.security.web.FilterChainProxy        : Secured GET /api/admin/logs
2025-05-30T22:20:54.283+02:00 DEBUG 19800 --- [time-recording-backend-test] [           main] horizationManagerBeforeMethodInterceptor : Authorizing method invocation ReflectiveMethodInvocation: public org.springframework.http.ResponseEntity ch.fhnw.timerecordingbackend.controller.AdminController.getSystemLogs(); target is of class [ch.fhnw.timerecordingbackend.controller.AdminController]
2025-05-30T22:20:54.284+02:00 DEBUG 19800 --- [time-recording-backend-test] [           main] horizationManagerBeforeMethodInterceptor : Authorized method invocation ReflectiveMethodInvocation: public org.springframework.http.ResponseEntity ch.fhnw.timerecordingbackend.controller.AdminController.getSystemLogs(); target is of class [ch.fhnw.timerecordingbackend.controller.AdminController]
]]></system-out>
  </testcase>
  <testcase name="updateUser_whenAdminAndValidRequest_shouldReturnUpdatedUser" classname="ch.fhnw.timerecordingbackend.controller.AdminControllerTest" time="0.013">
    <system-out><![CDATA[2025-05-30T22:20:54.307+02:00 DEBUG 19800 --- [time-recording-backend-test] [           main] o.s.security.web.FilterChainProxy        : Securing PUT /api/admin/users/1
2025-05-30T22:20:54.307+02:00 DEBUG 19800 --- [time-recording-backend-test] [           main] o.s.security.web.FilterChainProxy        : Secured PUT /api/admin/users/1
2025-05-30T22:20:54.309+02:00 DEBUG 19800 --- [time-recording-backend-test] [           main] horizationManagerBeforeMethodInterceptor : Authorizing method invocation ReflectiveMethodInvocation: public org.springframework.http.ResponseEntity ch.fhnw.timerecordingbackend.controller.AdminController.updateUser(java.lang.Long,ch.fhnw.timerecordingbackend.dto.admin.UserRegistrationRequest); target is of class [ch.fhnw.timerecordingbackend.controller.AdminController]
2025-05-30T22:20:54.310+02:00 DEBUG 19800 --- [time-recording-backend-test] [           main] horizationManagerBeforeMethodInterceptor : Authorized method invocation ReflectiveMethodInvocation: public org.springframework.http.ResponseEntity ch.fhnw.timerecordingbackend.controller.AdminController.updateUser(java.lang.Long,ch.fhnw.timerecordingbackend.dto.admin.UserRegistrationRequest); target is of class [ch.fhnw.timerecordingbackend.controller.AdminController]
]]></system-out>
  </testcase>
  <testcase name="deactivateUser_whenAdmin_shouldDeactivateUser" classname="ch.fhnw.timerecordingbackend.controller.AdminControllerTest" time="0.011">
    <system-out><![CDATA[2025-05-30T22:20:54.326+02:00 DEBUG 19800 --- [time-recording-backend-test] [           main] o.s.security.web.FilterChainProxy        : Securing PATCH /api/admin/user/1/deactivate
2025-05-30T22:20:54.327+02:00 DEBUG 19800 --- [time-recording-backend-test] [           main] o.s.security.web.FilterChainProxy        : Secured PATCH /api/admin/user/1/deactivate
2025-05-30T22:20:54.328+02:00 DEBUG 19800 --- [time-recording-backend-test] [           main] horizationManagerBeforeMethodInterceptor : Authorizing method invocation ReflectiveMethodInvocation: public org.springframework.http.ResponseEntity ch.fhnw.timerecordingbackend.controller.AdminController.deactivateUser(java.lang.Long); target is of class [ch.fhnw.timerecordingbackend.controller.AdminController]
2025-05-30T22:20:54.329+02:00 DEBUG 19800 --- [time-recording-backend-test] [           main] horizationManagerBeforeMethodInterceptor : Authorized method invocation ReflectiveMethodInvocation: public org.springframework.http.ResponseEntity ch.fhnw.timerecordingbackend.controller.AdminController.deactivateUser(java.lang.Long); target is of class [ch.fhnw.timerecordingbackend.controller.AdminController]
]]></system-out>
  </testcase>
  <testcase name="createUser_whenAdminAndValidRequest_shouldReturnCreatedUser" classname="ch.fhnw.timerecordingbackend.controller.AdminControllerTest" time="0.009">
    <system-out><![CDATA[2025-05-30T22:20:54.337+02:00 DEBUG 19800 --- [time-recording-backend-test] [           main] o.s.security.web.FilterChainProxy        : Securing POST /api/admin/users
2025-05-30T22:20:54.338+02:00 DEBUG 19800 --- [time-recording-backend-test] [           main] o.s.security.web.FilterChainProxy        : Secured POST /api/admin/users
2025-05-30T22:20:54.341+02:00 DEBUG 19800 --- [time-recording-backend-test] [           main] horizationManagerBeforeMethodInterceptor : Authorizing method invocation ReflectiveMethodInvocation: public org.springframework.http.ResponseEntity ch.fhnw.timerecordingbackend.controller.AdminController.createUser(ch.fhnw.timerecordingbackend.dto.admin.UserRegistrationRequest); target is of class [ch.fhnw.timerecordingbackend.controller.AdminController]
2025-05-30T22:20:54.341+02:00 DEBUG 19800 --- [time-recording-backend-test] [           main] horizationManagerBeforeMethodInterceptor : Authorized method invocation ReflectiveMethodInvocation: public org.springframework.http.ResponseEntity ch.fhnw.timerecordingbackend.controller.AdminController.createUser(ch.fhnw.timerecordingbackend.dto.admin.UserRegistrationRequest); target is of class [ch.fhnw.timerecordingbackend.controller.AdminController]
]]></system-out>
  </testcase>
  <testcase name="getUserById_whenUserNotFound_shouldReturnNotFound" classname="ch.fhnw.timerecordingbackend.controller.AdminControllerTest" time="0.008">
    <system-out><![CDATA[2025-05-30T22:20:54.348+02:00 DEBUG 19800 --- [time-recording-backend-test] [           main] o.s.security.web.FilterChainProxy        : Securing GET /api/admin/users/99
2025-05-30T22:20:54.348+02:00 DEBUG 19800 --- [time-recording-backend-test] [           main] o.s.security.web.FilterChainProxy        : Secured GET /api/admin/users/99
2025-05-30T22:20:54.348+02:00 DEBUG 19800 --- [time-recording-backend-test] [           main] horizationManagerBeforeMethodInterceptor : Authorizing method invocation ReflectiveMethodInvocation: public org.springframework.http.ResponseEntity ch.fhnw.timerecordingbackend.controller.AdminController.getUserById(java.lang.Long); target is of class [ch.fhnw.timerecordingbackend.controller.AdminController]
2025-05-30T22:20:54.349+02:00 DEBUG 19800 --- [time-recording-backend-test] [           main] horizationManagerBeforeMethodInterceptor : Authorized method invocation ReflectiveMethodInvocation: public org.springframework.http.ResponseEntity ch.fhnw.timerecordingbackend.controller.AdminController.getUserById(java.lang.Long); target is of class [ch.fhnw.timerecordingbackend.controller.AdminController]
]]></system-out>
  </testcase>
  <testcase name="getAllUsers_whenAdmin_shouldReturnListOfUsers" classname="ch.fhnw.timerecordingbackend.controller.AdminControllerTest" time="0.007">
    <system-out><![CDATA[2025-05-30T22:20:54.355+02:00 DEBUG 19800 --- [time-recording-backend-test] [           main] o.s.security.web.FilterChainProxy        : Securing GET /api/admin/users
2025-05-30T22:20:54.355+02:00 DEBUG 19800 --- [time-recording-backend-test] [           main] o.s.security.web.FilterChainProxy        : Secured GET /api/admin/users
2025-05-30T22:20:54.355+02:00 DEBUG 19800 --- [time-recording-backend-test] [           main] horizationManagerBeforeMethodInterceptor : Authorizing method invocation ReflectiveMethodInvocation: public org.springframework.http.ResponseEntity ch.fhnw.timerecordingbackend.controller.AdminController.getAllUsers(); target is of class [ch.fhnw.timerecordingbackend.controller.AdminController]
2025-05-30T22:20:54.355+02:00 DEBUG 19800 --- [time-recording-backend-test] [           main] horizationManagerBeforeMethodInterceptor : Authorized method invocation ReflectiveMethodInvocation: public org.springframework.http.ResponseEntity ch.fhnw.timerecordingbackend.controller.AdminController.getAllUsers(); target is of class [ch.fhnw.timerecordingbackend.controller.AdminController]
]]></system-out>
  </testcase>
  <testcase name="addRoleToUser_whenAdmin_shouldAddRole" classname="ch.fhnw.timerecordingbackend.controller.AdminControllerTest" time="0.017">
    <system-out><![CDATA[2025-05-30T22:20:54.361+02:00 DEBUG 19800 --- [time-recording-backend-test] [           main] o.s.security.web.FilterChainProxy        : Securing POST /api/admin/users/2/roles
2025-05-30T22:20:54.362+02:00 DEBUG 19800 --- [time-recording-backend-test] [           main] o.s.security.web.FilterChainProxy        : Secured POST /api/admin/users/2/roles
2025-05-30T22:20:54.362+02:00 DEBUG 19800 --- [time-recording-backend-test] [           main] horizationManagerBeforeMethodInterceptor : Authorizing method invocation ReflectiveMethodInvocation: public org.springframework.http.ResponseEntity ch.fhnw.timerecordingbackend.controller.AdminController.addRoleToUser(java.lang.Long,java.lang.String); target is of class [ch.fhnw.timerecordingbackend.controller.AdminController]
2025-05-30T22:20:54.362+02:00 DEBUG 19800 --- [time-recording-backend-test] [           main] horizationManagerBeforeMethodInterceptor : Authorized method invocation ReflectiveMethodInvocation: public org.springframework.http.ResponseEntity ch.fhnw.timerecordingbackend.controller.AdminController.addRoleToUser(java.lang.Long,java.lang.String); target is of class [ch.fhnw.timerecordingbackend.controller.AdminController]
]]></system-out>
  </testcase>
</testsuite>